{"/home/gabrielnsd/Documents/web-dev-course/section19/robofriends/src/components/MainPage.js": {"path":"/home/gabrielnsd/Documents/web-dev-course/section19/robofriends/src/components/MainPage.js","statementMap":{"0":{"start":{"line":11,"column":17},"end":{"line":36,"column":1}},"1":{"start":{"line":12,"column":61},"end":{"line":12,"column":66}},"2":{"start":{"line":14,"column":2},"end":{"line":16,"column":9}},"3":{"start":{"line":15,"column":4},"end":{"line":15,"column":28}},"4":{"start":{"line":18,"column":25},"end":{"line":20,"column":4}},"5":{"start":{"line":19,"column":4},"end":{"line":19,"column":72}},"6":{"start":{"line":22,"column":2},"end":{"line":35,"column":4}}},"fnMap":{"0":{"name":"(anonymous_0)","decl":{"start":{"line":11,"column":17},"end":{"line":11,"column":18}},"loc":{"start":{"line":11,"column":28},"end":{"line":36,"column":1}},"line":11},"1":{"name":"(anonymous_1)","decl":{"start":{"line":14,"column":12},"end":{"line":14,"column":13}},"loc":{"start":{"line":14,"column":18},"end":{"line":16,"column":3}},"line":14},"2":{"name":"(anonymous_2)","decl":{"start":{"line":18,"column":39},"end":{"line":18,"column":40}},"loc":{"start":{"line":18,"column":50},"end":{"line":20,"column":3}},"line":18}},"branchMap":{"0":{"loc":{"start":{"line":22,"column":9},"end":{"line":35,"column":3}},"type":"cond-expr","locations":[{"start":{"line":23,"column":4},"end":{"line":23,"column":20}},{"start":{"line":25,"column":4},"end":{"line":34,"column":10}}],"line":22}},"s":{"0":1,"1":2,"2":2,"3":0,"4":2,"5":0,"6":2},"f":{"0":2,"1":0,"2":0},"b":{"0":[0,2]},"_coverageSchema":"1a1c01bbd47fc00a2c39e90264f33305004495a9","hash":"ceee4bd027d2338cd396b729cf407cf9acf6e330"}
,"/home/gabrielnsd/Documents/web-dev-course/section19/robofriends/src/containers/App.js": {"path":"/home/gabrielnsd/Documents/web-dev-course/section19/robofriends/src/containers/App.js","statementMap":{"0":{"start":{"line":9,"column":24},"end":{"line":16,"column":1}},"1":{"start":{"line":10,"column":2},"end":{"line":15,"column":4}},"2":{"start":{"line":18,"column":27},"end":{"line":23,"column":1}},"3":{"start":{"line":19,"column":2},"end":{"line":22,"column":4}},"4":{"start":{"line":20,"column":31},"end":{"line":20,"column":75}},"5":{"start":{"line":21,"column":27},"end":{"line":21,"column":52}},"6":{"start":{"line":25,"column":12},"end":{"line":29,"column":1}},"7":{"start":{"line":28,"column":2},"end":{"line":28,"column":33}}},"fnMap":{"0":{"name":"(anonymous_0)","decl":{"start":{"line":9,"column":24},"end":{"line":9,"column":25}},"loc":{"start":{"line":9,"column":35},"end":{"line":16,"column":1}},"line":9},"1":{"name":"(anonymous_1)","decl":{"start":{"line":18,"column":27},"end":{"line":18,"column":28}},"loc":{"start":{"line":18,"column":41},"end":{"line":23,"column":1}},"line":18},"2":{"name":"(anonymous_2)","decl":{"start":{"line":20,"column":20},"end":{"line":20,"column":21}},"loc":{"start":{"line":20,"column":31},"end":{"line":20,"column":75}},"line":20},"3":{"name":"(anonymous_3)","decl":{"start":{"line":21,"column":21},"end":{"line":21,"column":22}},"loc":{"start":{"line":21,"column":27},"end":{"line":21,"column":52}},"line":21},"4":{"name":"(anonymous_4)","decl":{"start":{"line":25,"column":12},"end":{"line":25,"column":13}},"loc":{"start":{"line":25,"column":23},"end":{"line":29,"column":1}},"line":25}},"branchMap":{},"s":{"0":0,"1":0,"2":0,"3":0,"4":0,"5":0,"6":0,"7":0},"f":{"0":0,"1":0,"2":0,"3":0,"4":0},"b":{}}
}
