{"/home/gabrielnsd/Documents/web-dev-course/section19/robofriends/src/components/Card.js": {"path":"/home/gabrielnsd/Documents/web-dev-course/section19/robofriends/src/components/Card.js","statementMap":{"0":{"start":{"line":3,"column":13},"end":{"line":13,"column":1}},"1":{"start":{"line":4,"column":2},"end":{"line":12,"column":4}}},"fnMap":{"0":{"name":"(anonymous_0)","decl":{"start":{"line":3,"column":13},"end":{"line":3,"column":14}},"loc":{"start":{"line":3,"column":38},"end":{"line":13,"column":1}},"line":3}},"branchMap":{},"s":{"0":2,"1":2},"f":{"0":2},"b":{},"_coverageSchema":"1a1c01bbd47fc00a2c39e90264f33305004495a9","hash":"3a2430e699c1121828c3f8b9be5613acfa73a0c9"}
}
