TN:
SF:src/components/MainPage.js
FN:11,(anonymous_0)
FN:14,(anonymous_1)
FN:18,(anonymous_2)
FNF:3
FNH:1
FNDA:2,(anonymous_0)
FNDA:0,(anonymous_1)
FNDA:0,(anonymous_2)
DA:11,1
DA:12,2
DA:14,2
DA:15,0
DA:18,2
DA:19,0
DA:22,2
LF:7
LH:5
BRDA:22,0,0,0
BRDA:22,0,1,2
BRF:2
BRH:1
end_of_record
TN:
SF:src/containers/App.js
FN:9,(anonymous_0)
FN:18,(anonymous_1)
FN:20,(anonymous_2)
FN:21,(anonymous_3)
FN:25,(anonymous_4)
FNF:5
FNH:0
FNDA:0,(anonymous_0)
FNDA:0,(anonymous_1)
FNDA:0,(anonymous_2)
FNDA:0,(anonymous_3)
FNDA:0,(anonymous_4)
DA:9,0
DA:10,0
DA:18,0
DA:19,0
DA:20,0
DA:21,0
DA:25,0
DA:28,0
LF:8
LH:0
BRF:0
BRH:0
end_of_record
